# JRE version: Java(TM) SE Runtime Environment (8.0_201-b09) (build 1.8.0_201-b09)
# Java VM: Java HotSpot(TM) 64-Bit Server VM (25.201-b09 mixed mode linux-amd64 compressed oops)
Heap:
 PSYoungGen      total 448512K, used 133797K [0x00000000d6f80000, 0x0000000100000000, 0x0000000100000000)
  eden space 224768K, 0% used [0x00000000d6f80000,0x00000000d6f80000,0x00000000e4b00000)
  from space 223744K, 59% used [0x00000000f2580000,0x00000000fa829410,0x0000000100000000)
  to   space 223744K, 0% used [0x00000000e4b00000,0x00000000e4b00000,0x00000000f2580000)
 ParOldGen       total 1200640K, used 1200516K [0x0000000084e00000, 0x00000000ce280000, 0x00000000d6f80000)
  object space 1200640K, 99% used [0x0000000084e00000,0x00000000ce2611f0,0x00000000ce280000)
 Metaspace       used 42054K, capacity 44424K, committed 44624K, reserved 1087488K
  class space    used 5481K, capacity 5896K, committed 5968K, reserved 1048576K
GC Heap History (10 events):
Event: 44,277 GC heap after
Heap after GC invocations=18 (full 5):
 PSYoungGen      total 514048K, used 134584K [0x00000000d6f80000, 0x0000000100000000, 0x0000000100000000)
  eden space 379392K, 0% used [0x00000000d6f80000,0x00000000d6f80000,0x00000000ee200000)
  from space 134656K, 99% used [0x00000000ee200000,0x00000000f656e100,0x00000000f6580000)
  to   space 158208K, 0% used [0x00000000f6580000,0x00000000f6580000,0x0000000100000000)
 ParOldGen       total 836608K, used 535044K [0x0000000084e00000, 0x00000000b7f00000, 0x00000000d6f80000)
  object space 836608K, 63% used [0x0000000084e00000,0x00000000a5881220,0x00000000b7f00000)
 Metaspace       used 42053K, capacity 44424K, committed 44624K, reserved 1087488K
  class space    used 5481K, capacity 5896K, committed 5968K, reserved 1048576K
}
Event: 45,738 GC heap before
{Heap before GC invocations=19 (full 5):
 PSYoungGen      total 514048K, used 513976K [0x00000000d6f80000, 0x0000000100000000, 0x0000000100000000)
  eden space 379392K, 100% used [0x00000000d6f80000,0x00000000ee200000,0x00000000ee200000)
  from space 134656K, 99% used [0x00000000ee200000,0x00000000f656e100,0x00000000f6580000)
  to   space 158208K, 0% used [0x00000000f6580000,0x00000000f6580000,0x0000000100000000)
 ParOldGen       total 836608K, used 535044K [0x0000000084e00000, 0x00000000b7f00000, 0x00000000d6f80000)
  object space 836608K, 63% used [0x0000000084e00000,0x00000000a5881220,0x00000000b7f00000)
 Metaspace       used 42053K, capacity 44424K, committed 44624K, reserved 1087488K
  class space    used 5481K, capacity 5896K, committed 5968K, reserved 1048576K
Event: 67,048 GC heap after
Heap after GC invocations=19 (full 5):
 PSYoungGen      total 382976K, used 158203K [0x00000000d6f80000, 0x0000000100000000, 0x0000000100000000)
  eden space 224768K, 0% used [0x00000000d6f80000,0x00000000d6f80000,0x00000000e4b00000)
  from space 158208K, 99% used [0x00000000f6580000,0x00000000ffffec28,0x0000000100000000)
  to   space 223744K, 0% used [0x00000000e4b00000,0x00000000e4b00000,0x00000000f2580000)
 ParOldGen       total 836608K, used 811836K [0x0000000084e00000, 0x00000000b7f00000, 0x00000000d6f80000)
  object space 836608K, 97% used [0x0000000084e00000,0x00000000b66cf220,0x00000000b7f00000)
 Metaspace       used 42053K, capacity 44424K, committed 44624K, reserved 1087488K
  class space    used 5481K, capacity 5896K, committed 5968K, reserved 1048576K
}
Event: 67,104 GC heap before
{Heap before GC invocations=20 (full 6):
 PSYoungGen      total 382976K, used 158203K [0x00000000d6f80000, 0x0000000100000000, 0x0000000100000000)
  eden space 224768K, 0% used [0x00000000d6f80000,0x00000000d6f80000,0x00000000e4b00000)
  from space 158208K, 99% used [0x00000000f6580000,0x00000000ffffec28,0x0000000100000000)
  to   space 223744K, 0% used [0x00000000e4b00000,0x00000000e4b00000,0x00000000f2580000)
 ParOldGen       total 836608K, used 811836K [0x0000000084e00000, 0x00000000b7f00000, 0x00000000d6f80000)
  object space 836608K, 97% used [0x0000000084e00000,0x00000000b66cf220,0x00000000b7f00000)
 Metaspace       used 42053K, capacity 44424K, committed 44624K, reserved 1087488K
  class space    used 5481K, capacity 5896K, committed 5968K, reserved 1048576K
Event: 77,041 GC heap after
Heap after GC invocations=20 (full 6):
 PSYoungGen      total 382976K, used 158162K [0x00000000d6f80000, 0x0000000100000000, 0x0000000100000000)
  eden space 224768K, 0% used [0x00000000d6f80000,0x00000000d6f80000,0x00000000e4b00000)
  from space 158208K, 99% used [0x00000000f6580000,0x00000000ffff4bf0,0x0000000100000000)
  to   space 223744K, 0% used [0x00000000e4b00000,0x00000000e4b00000,0x00000000f2580000)
 ParOldGen       total 1200640K, used 810733K [0x0000000084e00000, 0x00000000ce280000, 0x00000000d6f80000)
  object space 1200640K, 67% used [0x0000000084e00000,0x00000000b65bb720,0x00000000ce280000)
 Metaspace       used 42053K, capacity 44424K, committed 44624K, reserved 1087488K
  class space    used 5481K, capacity 5896K, committed 5968K, reserved 1048576K
}
Event: 77,356 GC heap before
{Heap before GC invocations=21 (full 6):
 PSYoungGen      total 382976K, used 382930K [0x00000000d6f80000, 0x0000000100000000, 0x0000000100000000)
  eden space 224768K, 100% used [0x00000000d6f80000,0x00000000e4b00000,0x00000000e4b00000)
  from space 158208K, 99% used [0x00000000f6580000,0x00000000ffff4bf0,0x0000000100000000)
  to   space 223744K, 0% used [0x00000000e4b00000,0x00000000e4b00000,0x00000000f2580000)
 ParOldGen       total 1200640K, used 810733K [0x0000000084e00000, 0x00000000ce280000, 0x00000000d6f80000)
  object space 1200640K, 67% used [0x0000000084e00000,0x00000000b65bb720,0x00000000ce280000)
 Metaspace       used 42053K, capacity 44424K, committed 44624K, reserved 1087488K
  class space    used 5481K, capacity 5896K, committed 5968K, reserved 1048576K
Event: 88,685 GC heap after
Heap after GC invocations=21 (full 6):
 PSYoungGen      total 448512K, used 223381K [0x00000000d6f80000, 0x0000000100000000, 0x0000000100000000)
  eden space 224768K, 0% used [0x00000000d6f80000,0x00000000d6f80000,0x00000000e4b00000)
  from space 223744K, 99% used [0x00000000e4b00000,0x00000000f25257a0,0x00000000f2580000)
  to   space 223744K, 0% used [0x00000000f2580000,0x00000000f2580000,0x0000000100000000)
 ParOldGen       total 1200640K, used 887948K [0x0000000084e00000, 0x00000000ce280000, 0x00000000d6f80000)
  object space 1200640K, 73% used [0x0000000084e00000,0x00000000bb123380,0x00000000ce280000)
 Metaspace       used 42053K, capacity 44424K, committed 44624K, reserved 1087488K
  class space    used 5481K, capacity 5896K, committed 5968K, reserved 1048576K
}
Event: 88,863 GC heap before
{Heap before GC invocations=22 (full 6):
 PSYoungGen      total 448512K, used 448149K [0x00000000d6f80000, 0x0000000100000000, 0x0000000100000000)
  eden space 224768K, 100% used [0x00000000d6f80000,0x00000000e4b00000,0x00000000e4b00000)
  from space 223744K, 99% used [0x00000000e4b00000,0x00000000f25257a0,0x00000000f2580000)
  to   space 223744K, 0% used [0x00000000f2580000,0x00000000f2580000,0x0000000100000000)
 ParOldGen       total 1200640K, used 887948K [0x0000000084e00000, 0x00000000ce280000, 0x00000000d6f80000)
  object space 1200640K, 73% used [0x0000000084e00000,0x00000000bb123380,0x00000000ce280000)
 Metaspace       used 42054K, capacity 44424K, committed 44624K, reserved 1087488K
  class space    used 5481K, capacity 5896K, committed 5968K, reserved 1048576K
Event: 155,652 GC heap after
Heap after GC invocations=22 (full 6):
 PSYoungGen      total 448512K, used 223584K [0x00000000d6f80000, 0x0000000100000000, 0x0000000100000000)
  eden space 224768K, 0% used [0x00000000d6f80000,0x00000000d6f80000,0x00000000e4b00000)
  from space 223744K, 99% used [0x00000000f2580000,0x00000000fffd8000,0x0000000100000000)
  to   space 223744K, 0% used [0x00000000e4b00000,0x00000000e4b00000,0x00000000f2580000)
 ParOldGen       total 1200640K, used 1111610K [0x0000000084e00000, 0x00000000ce280000, 0x00000000d6f80000)
  object space 1200640K, 92% used [0x0000000084e00000,0x00000000c8b8eb20,0x00000000ce280000)
 Metaspace       used 42054K, capacity 44424K, committed 44624K, reserved 1087488K
  class space    used 5481K, capacity 5896K, committed 5968K, reserved 1048576K
}
Event: 156,185 GC heap before
{Heap before GC invocations=23 (full 7):
 PSYoungGen      total 448512K, used 223584K [0x00000000d6f80000, 0x0000000100000000, 0x0000000100000000)
  eden space 224768K, 0% used [0x00000000d6f80000,0x00000000d6f80000,0x00000000e4b00000)
  from space 223744K, 99% used [0x00000000f2580000,0x00000000fffd8000,0x0000000100000000)
  to   space 223744K, 0% used [0x00000000e4b00000,0x00000000e4b00000,0x00000000f2580000)
 ParOldGen       total 1200640K, used 1111610K [0x0000000084e00000, 0x00000000ce280000, 0x00000000d6f80000)
  object space 1200640K, 92% used [0x0000000084e00000,0x00000000c8b8eb20,0x00000000ce280000)
 Metaspace       used 42054K, capacity 44424K, committed 44624K, reserved 1087488K
  class space    used 5481K, capacity 5896K, committed 5968K, reserved 1048576K

